<?xml version="1.0" encoding="UTF-8"?>
<!-- Generated by org.testng.reporters.JUnitReportReporter -->
<testsuite hostname="DESKTOP-LM2T9VC" failures="0" tests="2" name="com.test.Test_Assertions" time="5.141" errors="0" timestamp="2025-01-04T16:02:13 IST" skipped="0">
  <testcase classname="com.test.Test_Assertions" name="method1" time="4.997"/>
  <testcase classname="com.test.Test_Assertions" name="method2" time="0.144"/>
</testsuite> <!-- com.test.Test_Assertions -->
