<?xml version="1.0" encoding="UTF-8"?>
<!-- Generated by org.testng.reporters.JUnitReportReporter -->
<testsuite hostname="DESKTOP-LM2T9VC" failures="0" tests="1" name="com.test.dropdown" time="15.035" errors="0" timestamp="2024-12-28T22:06:15 IST" skipped="0">
  <testcase classname="com.test.dropdown" name="test" time="15.035"/>
</testsuite> <!-- com.test.dropdown -->
