<?xml version="1.0" encoding="UTF-8"?>
<!-- Generated by org.testng.reporters.JUnitReportReporter -->
<testsuite hostname="DESKTOP-LM2T9VC" failures="0" tests="1" name="com.test.Test_SoftAssert" time="5.135" errors="0" timestamp="2025-01-04T21:34:26 IST" skipped="0">
  <testcase classname="com.test.Test_SoftAssert" name="method1" time="5.135"/>
</testsuite> <!-- com.test.Test_SoftAssert -->
